<?xml version="1.0" encoding="UTF-8"?>
<testsuite name="ReadabilityTest" tests="1" skipped="0" failures="0" errors="0" timestamp="2023-10-11T13:59:56" hostname="OSMAN" time="0.222">
  <properties/>
  <testcase name="start" classname="ReadabilityTest" time="0.222"/>
  <system-out><![CDATA[?[1;31m
Start test 1?[0m
Words: 108
Sentences: 6
Characters: 580
Syllables: 198
Polysyllables: 22
Enter the score you want to calculate (ARI, FK, SMOG, CL, all): > all

Automated Readability Index: 12.86 (about 17-18-year-olds).
Flesch–Kincaid readability tests: 13.06 (about 17-18-year-olds).
Simple Measure of Gobbledygook: 14.07 (about 18-22-year-olds).
Coleman–Liau index: 14.13 (about 18-22-year-olds).

?[1;31m
Start test 2?[0m
Words: 137
Sentences: 14
Characters: 687
Syllables: 220
Polysyllables: 18
Enter the score you want to calculate (ARI, FK, SMOG, CL, all): > all

Automated Readability Index: 7.08 (about 11-12-year-olds).
Flesch–Kincaid readability tests: 7.18 (about 11-12-year-olds).
Simple Measure of Gobbledygook: 9.61 (about 14-15-year-olds).
Coleman–Liau index: 10.66 (about 15-16-year-olds).

?[1;31m
Start test 3?[0m
Words: 180
Sentences: 13
Characters: 982
Syllables: 321
Polysyllables: 35
Enter the score you want to calculate (ARI, FK, SMOG, CL, all): > all

Automated Readability Index: 11.19 (about 15-16-year-olds).
Flesch–Kincaid readability tests: 10.85 (about 15-16-year-olds).
Simple Measure of Gobbledygook: 12.50 (about 17-18-year-olds).
Coleman–Liau index: 14.14 (about 18-22-year-olds).

]]></system-out>
  <system-err><![CDATA[]]></system-err>
</testsuite>
